<?xml version="1.0" encoding="UTF-8"?>
<testsuite name="StringDrinkTest" tests="1" skipped="0" failures="0" errors="0" timestamp="2022-11-20T19:45:38" hostname="sereno-VivoBook-ASUSLaptop-X512DA-F512DA" time="0.021">
  <properties/>
  <testcase name="stringDrink()" classname="StringDrinkTest" time="0.021"/>
  <system-out><![CDATA[]]></system-out>
  <system-err><![CDATA[]]></system-err>
</testsuite>
