<?xml version="1.0" encoding="UTF-8"?>
<testsuite name="StringDrinkTest" tests="17" skipped="0" failures="0" errors="0" timestamp="2022-12-04T18:06:47" hostname="sereno-VivoBook-ASUSLaptop-X512DA-F512DA" time="0.749">
  <properties/>
  <testcase name="happyHour()" classname="StringDrinkTest" time="0.033"/>
  <testcase name="stringReplacer()" classname="StringDrinkTest" time="0.005"/>
  <testcase name="impatientStrategy()" classname="StringDrinkTest" time="0.019"/>
  <testcase name="transformUndo()" classname="StringDrinkTest" time="0.003"/>
  <testcase name="stringDrink()" classname="StringDrinkTest" time="0.002"/>
  <testcase name="removeObserver()" classname="StringDrinkTest" time="0.619"/>
  <testcase name="smartStrategyStartClosed()" classname="StringDrinkTest" time="0.004"/>
  <testcase name="stringInverter()" classname="StringDrinkTest" time="0.002"/>
  <testcase name="smartStrategyStartOpened()" classname="StringDrinkTest" time="0.002"/>
  <testcase name="addObserver()" classname="StringDrinkTest" time="0.011"/>
  <testcase name="transformerGroup()" classname="StringDrinkTest" time="0.003"/>
  <testcase name="transformerComposite()" classname="StringDrinkTest" time="0.003"/>
  <testcase name="stringRecipe()" classname="StringDrinkTest" time="0.002"/>
  <testcase name="ferengiStartClosed()" classname="StringDrinkTest" time="0.002"/>
  <testcase name="ferengiAlreadyOpened()" classname="StringDrinkTest" time="0.003"/>
  <testcase name="romulan()" classname="StringDrinkTest" time="0.003"/>
  <testcase name="stringCaseChanger()" classname="StringDrinkTest" time="0.002"/>
  <system-out><![CDATA[]]></system-out>
  <system-err><![CDATA[]]></system-err>
</testsuite>
