<?xml version="1.0" encoding="UTF-8"?>
<testsuite name="StringDrinkTest" tests="6" skipped="0" failures="0" errors="0" timestamp="2022-11-20T22:44:12" hostname="sereno-VivoBook-ASUSLaptop-X512DA-F512DA" time="0.029">
  <properties/>
  <testcase name="stringReplacer()" classname="StringDrinkTest" time="0.02"/>
  <testcase name="transformUndo()" classname="StringDrinkTest" time="0.002"/>
  <testcase name="stringDrink()" classname="StringDrinkTest" time="0.001"/>
  <testcase name="stringInverter()" classname="StringDrinkTest" time="0.0"/>
  <testcase name="stringRecipe()" classname="StringDrinkTest" time="0.001"/>
  <testcase name="stringCaseChanger()" classname="StringDrinkTest" time="0.0"/>
  <system-out><![CDATA[]]></system-out>
  <system-err><![CDATA[]]></system-err>
</testsuite>
